TITLE: Bill of Materials
DATE: 11/24/2017
DESIGN: dcp050series8_lv2_d
TEMPLATE: x:/spb_16.6/share/cdssetup/template.bom
CALLOUT: bom.callouts

Part Name,Ref Des,Qty,Unit Price,Cost
450041856,CMPD2,1,?,?
900001,CMPD1,1,?,?
900002,ADH1,1,?,?
CC408572481,SCR1,1,?,?
LT_25XX040_8_SOIC8-450044038,PIC800,1,?,?
LT_BEADF_2_0603-450024517,BEAD800,1,?,?
LT_CAP_2_0603-1655791-2,"C4081,C5061,C5071,C6111,C7032,C7033,C7035,C8021,C8022",9,?,?
LT_CAP_2_0603-1655791-8,"C320,C404,C501,C611",4,?,?
LT_CAP_2_0603-1655791-9,"C407,C408,C502",3,?,?
LT_CAP_2_0603-407171214,"C319,C321",2,?,?
LT_CAP_2_0603-407689090,C402,1,?,?
LT_CAP_2_0603-407965326,C403,1,?,?
LT_CAP_2_0603-408169076,C801,1,?,?
LT_CAP_2_0603-408269157,"C401,C704",2,?,?
LT_CAP_2_0603-408504744,"C300,C317,C617,C619,C620",5,?,?
LT_CAP_2_0603-408543615,"C506,C508,C802,C803",4,?,?
LT_CAP_2_0603-606106,C703,1,?,?
LT_CAP_2_0603-606203,C700,1,?,?
LT_CAP_2_0603-606221,C500,1,?,?
LT_CAP_2_0603-606243,C601,1,?,?
LT_CAP_2_0805-1655803-3,"C405,C618,C7031",3,?,?
LT_CAP_2_0805-1655803-4,C705,1,?,?
LT_CAP_2_0805-403560618,C615,1,?,?
LT_CAP_2_0805-407534544,C616,1,?,?
LT_CAP_2_0805-408497212,C400,1,?,?
LT_CAP_2_0805-408532790,"C301,C318",2,?,?
LT_CAP_2_0805-6-992422-2,C702,1,?,?
LT_CAP_2_1206-1655713-2,C507,1,?,?
LT_CAP_2_1206-408507812,"C303,C304",2,?,?
LT_CAP_2_1206-408546130,C302,1,?,?
LT_CAP_2_1206-408553804,C305,1,?,?
LT_CAP_2_1206-CC408625768,"C309-C312,C411,C412,C602,C612,C630-C633",12,?,?
LT_CAP_2_1210-1655956-1,"C605-C610,C626-C629",10,?,?
LT_CAP_2_1210-408539547,"C202,C205,C207-C210,C307,C308,C313-C316,C406",13,?,?
LT_CAP_2_RADIAL-407800994,C800,1,?,?
LT_CAP_2_RADIAL-450028642,"C200,C201",2,?,?
LT_CAP_2_RADIAL-CC408643803,"C604,C613",2,?,?
LT_CAP_2_RADIAL-CC408643828,"C203,C204",2,?,?
LT_COMPARATOR2_8_MSOP8-408530893,IC601,1,?,?
LT_COMPARATOR2_8_SOIC8-405251521,IC500,1,?,?
LT_DIODE_2_C1A2-1655988-3,CR402,1,?,?
LT_DIODE_2_C1A2-403373707,CR200,1,?,?
LT_DIODE_2_C1A2-408544984,"CR601,CR603",2,?,?
LT_DIODE_2_C1A2-CC408578652,"CR304,CR400,CR403-CR405,CR407,CR600,CR602,CR604,CR700-CR702",12,?,?
LT_DIODE_2_C1A2-CC408652077,CR303,1,?,?
LT_FCONN_PWR8P_24_4X6-3PWR-450043396,P800,1,?,?
LT_FUSE_2_AXIAL-450029589,F200,1,?,?
LT_HEADER_40_2X20-450043403,HDR800,1,?,?
LT_ICT,TP700-TP704,5,?,?
LT_INDUCTOR_4_PT1243-450029532,L200,1,?,?
LT_LM5050_6_TSOT6-LM5050-1-450018537,IC600,1,?,?
LT_LM5051_8_SOIC8-450034162,IC300,1,?,?
LT_MP_BEADF_NA-CC408644256,"BEAD600,BEAD601",2,?,?
LT_MP_CUSTOM_NA-850024587,SCR2,1,?,?
LT_MP_CUSTOM_NA-850028037,MP201,1,?,?
LT_MP_CUSTOM_NA-850043948,HS1,1,?,?
LT_MP_MISC_ASSY_NA-150043797,TX03,1,?,?
LT_MP_TBG_HS_NA-901062570,TBG4,1,?,?
LT_MP_TBG_HS_NA-CC408575105,TBG2,1,?,?
LT_MP_TBG_HS_NA-CC408575360,TBG3,1,?,?
LT_MP_TBG_HS_NA-CC408606363,TBG1,1,?,?
LT_NCP103X_EPAD_8_DFN8-CC408645196,IC400,1,?,?
LT_NETSHORT_2_NA,NS700,1,?,?
LT_NMOSFET_3_G1S2D3-406788646,"Q303,Q500,Q600,Q601,Q701-Q703",7,?,?
LT_NMOSFET_8_G4S1-3D5-8-450020699,Q602,1,?,?
LT_NMOSFET_8_G4S1-3D5-8-450030494,"Q301,Q304",2,?,?
LT_NMOSFET_8_G4S1-3D5-8-CC408642623,Q300,1,?,?
LT_NPN_3_E2C3B1-405361221,Q302,1,?,?
LT_NPN_3_E2C3B1-408270668,Q700,1,?,?
LT_NTCTHERM_2_0603-CC408638712,RT500,1,?,?
LT_OPTO_4_SMD4-450046457,"U500,U700,U800,U801,U900",5,?,?
LT_PCAP_2_RADIAL-450029572,C306,1,?,?
LT_PCAP_2_RADIAL-450045730,"C600,C621,C622",3,?,?
LT_PCAP_2_RADIAL-CC408649817,C206,1,?,?
LT_PIC12F1501_8_MSOP-450030788,IC700,1,?,?
LT_PTCTHERM_2_RADIAL-3690007P-5,RT200,1,?,?
LT_PTCTHERM_2_RADIAL-CC408642061,RT300,1,?,?
LT_PWRMOD_9_JHVG004-CC109172268,PM600,1,?,?
LT_RES_2_0603-407129543,"R804,R806-R810",6,?,?
LT_RES_2_0603-407129576,"R316,R514,R518-R522,R616,R617,R620,R621,R802",12,?,?
LT_RES_2_0603-407129592,"R507,R510",2,?,?
LT_RES_2_0603-407129600,R508,1,?,?
LT_RES_2_0603-407247428,R400,1,?,?
LT_RES_2_0603-407423995,R609,1,?,?
LT_RES_2_0603-407424266,R326,1,?,?
LT_RES_2_0603-407655448,R602,1,?,?
LT_RES_2_0603-407871425,R517,1,?,?
LT_RES_2_0603-407965383,"R312,R702,R711,R720",4,?,?
LT_RES_2_0603-407965409,R405,1,?,?
LT_RES_2_0603-407965458,R610,1,?,?
LT_RES_2_0603-407965474,"R306,R525,R710,R716,R718",5,?,?
LT_RES_2_0603-407965540,"R619,R707",2,?,?
LT_RES_2_0603-407987247,"R603,R704,R708,R709,R719",5,?,?
LT_RES_2_0603-407987379,R611,1,?,?
LT_RES_2_0603-408136091,R502,1,?,?
LT_RES_2_0603-408136232,"R307,R308,R313,R315,R317,R606",6,?,?
LT_RES_2_0603-408136737,R322,1,?,?
LT_RES_2_0603-408169035,"R516,R608,R618,R717",4,?,?
LT_RES_2_0603-408169381,R503,1,?,?
LT_RES_2_0603-408169563,"R318,R512,R612,R613",4,?,?
LT_RES_2_0603-408191781,R310,1,?,?
LT_RES_2_0603-408270528,R703,1,?,?
LT_RES_2_0603-408504280,"R406,R515",2,?,?
LT_RES_2_0603-5-1428901-7,R504,1,?,?
LT_RES_2_0603-5P1182,R404,1,?,?
LT_RES_2_0603-5P8252,"R403,R600",2,?,?
LT_RES_2_0603-5Q2002,"R614,R615",2,?,?
LT_RES_2_0805-406036194,"R302,R309",2,?,?
LT_RES_2_0805-406036269,"R605,R705,R706,R712,R715,R812",6,?,?
LT_RES_2_0805-406036293,"R305,R319,R407",3,?,?
LT_RES_2_0805-406036319,R311,1,?,?
LT_RES_2_0805-406605287,"R303,R408,R701",3,?,?
LT_RES_2_0805-406732164,"R321,R402",2,?,?
LT_RES_2_0805-406738096,R523,1,?,?
LT_RES_2_0805-406869156,R714,1,?,?
LT_RES_2_0805-406914945,R314,1,?,?
LT_RES_2_0805-406966432,R401,1,?,?
LT_RES_2_0805-407064419,"R500,R501",2,?,?
LT_RES_2_0805-407180165,"R300,R301",2,?,?
LT_RES_2_0805-407216209,R700,1,?,?
LT_RES_2_1206-1-1655532-5,R200-R202,3,?,?
LT_RES_2_1206-403807431,R320,1,?,?
LT_RES_2_1206-406853184,R324,1,?,?
LT_RES_2_1206-406853192,R304,1,?,?
LT_RES_2_1206-406853226,"R323,R325",2,?,?
LT_RES_2_1206-406853473,"R601,R607",2,?,?
LT_RES_2_2512-450052433,"R800,R801",2,?,?
LT_SPARKGAP_2_AXIAL-CC408639702,"SG200,SG201",2,?,?
LT_SPARKGAP_2_NA-406676130,SG203,1,?,?
LT_TL431Z_A3C1R2-450032373,IC701,1,?,?
LT_TL431Z_A3C2R1-CC408631675,"IC301,IC302,IC501",3,?,?
LT_TVS_2_BIDIR-450043973,CR800,1,?,?
LT_TVS_2_BIDIR-450051331,CR801,1,?,?
LT_VARISTOR_2_RADIAL-1900376-2,"RV200,RV201",2,?,?
LT_VARISTOR_2_RADIAL-750048,"RV203,RV204",2,?,?
LT_XFMR_2L4P_1R2P_6_PT1-6-450049279,T400,1,?,?
LT_ZENER_2_C1A2-1900002-1,CR305,1,?,?
LT_ZENER_2_C1A2-1900175-3,CR300,1,?,?
LT_ZENER_2_C1A2-1900175-7,CR301,1,?,?
LT_ZENER_2_C1A2-408522684,CR406,1,?,?
LT_ZENER_2_C1A2-CC408629406,CR401,1,?,?
LT_ZENER_2_C1A2-CC408652267,CR302,1,?,?
LT_ZENER_3_SOT23-405022914,CR306,1,?,?
TOTAL, ,300, ,0.000
